<?xml version="1.0" encoding="UTF-8"?>
<testng-results skipped="0" failed="0" ignored="0" total="1" passed="1">
  <reporter-output>
  </reporter-output>
  <suite name="Default suite" duration-ms="32907" started-at="2023-01-01T11:23:40 IST" finished-at="2023-01-01T11:24:13 IST">
    <groups>
    </groups>
    <test name="Default test" duration-ms="32907" started-at="2023-01-01T11:23:40 IST" finished-at="2023-01-01T11:24:13 IST">
      <class name="orangeHRM.Delete">
        <test-method status="PASS" signature="browserLaunch()[pri:0, instance:orangeHRM.Delete@37d31475]" name="browserLaunch" is-config="true" duration-ms="7277" started-at="2023-01-01T11:23:40 IST" finished-at="2023-01-01T11:23:47 IST">
          <reporter-output>
          </reporter-output>
        </test-method> <!-- browserLaunch -->
        <test-method status="PASS" signature="delete()[pri:0, instance:orangeHRM.Delete@37d31475]" name="delete" duration-ms="25424" started-at="2023-01-01T11:23:47 IST" finished-at="2023-01-01T11:24:13 IST">
          <reporter-output>
          </reporter-output>
        </test-method> <!-- delete -->
      </class> <!-- orangeHRM.Delete -->
    </test> <!-- Default test -->
  </suite> <!-- Default suite -->
</testng-results>
